05 jun 2018 12:41:40,765 INFO  ~ Starting /Users/uach/Documents/git_proyects/yabe
05 jun 2018 12:41:41,702 WARN  ~ You're running Play! in DEV mode
05 jun 2018 12:41:41,815 INFO  ~ Listening for HTTP on port 9000 (Waiting a first request to start) ...
05 jun 2018 12:42:46,945 ERROR ~ 

@7871cppo7
Internal Server Error (500) for request GET /@tests

Compilation error (In /test/BasicTest.java around line 14)
The file /test/BasicTest.java could not be compiled. Error raised is : The method one() is undefined for the type GenericModel.JPAQuery

play.exceptions.CompilationException: The method one() is undefined for the type GenericModel.JPAQuery
	at play.classloading.ApplicationCompiler$2.acceptResult(ApplicationCompiler.java:264)
	at org.eclipse.jdt.internal.compiler.Compiler.handleInternalException(Compiler.java:678)
	at org.eclipse.jdt.internal.compiler.Compiler.compile(Compiler.java:522)
	at play.classloading.ApplicationCompiler.compile(ApplicationCompiler.java:300)
	at play.classloading.ApplicationClassloader.getAllClasses(ApplicationClassloader.java:430)
	at play.Play.start(Play.java:528)
	at play.Play.detectChanges(Play.java:648)
	at play.Invoker$Invocation.init(Invoker.java:199)
	at Invocation.HTTP Request(Play!)
05 jun 2018 12:43:02,876 INFO  ~ Connected to jdbc:h2:mem:play;MODE=MYSQL;LOCK_MODE=0 for default
05 jun 2018 12:43:03,936 INFO  ~ Application 'yabe' is now started !
05 jun 2018 12:55:34,101 ERROR ~ 

@7871cppok
Internal Server Error (500) for request GET /@tests/init

Compilation error (In /test/BasicTest.java around line 14)
The file /test/BasicTest.java could not be compiled. Error raised is : The method one() is undefined for the type GenericModel.JPAQuery

play.exceptions.CompilationException: The method one() is undefined for the type GenericModel.JPAQuery
	at play.classloading.ApplicationCompiler$2.acceptResult(ApplicationCompiler.java:264)
	at org.eclipse.jdt.internal.compiler.Compiler.handleInternalException(Compiler.java:678)
	at org.eclipse.jdt.internal.compiler.Compiler.compile(Compiler.java:522)
	at play.classloading.ApplicationCompiler.compile(ApplicationCompiler.java:300)
	at play.classloading.ApplicationClasses$ApplicationClass.compile(ApplicationClasses.java:292)
	at play.classloading.ApplicationClassloader.detectChanges(ApplicationClassloader.java:328)
	at play.Play.detectChanges(Play.java:637)
	at play.Invoker$Invocation.init(Invoker.java:199)
	at Invocation.HTTP Request(Play!)
05 jun 2018 12:55:34,161 ERROR ~ 

@7871cppol
Internal Server Error (500) for request GET /@tests/end?result=passed

Compilation error (In /test/BasicTest.java around line 14)
The file /test/BasicTest.java could not be compiled. Error raised is : The method one() is undefined for the type GenericModel.JPAQuery

play.exceptions.CompilationException: The method one() is undefined for the type GenericModel.JPAQuery
	at play.classloading.ApplicationCompiler$2.acceptResult(ApplicationCompiler.java:264)
	at org.eclipse.jdt.internal.compiler.Compiler.handleInternalException(Compiler.java:678)
	at org.eclipse.jdt.internal.compiler.Compiler.compile(Compiler.java:522)
	at play.classloading.ApplicationCompiler.compile(ApplicationCompiler.java:300)
	at play.classloading.ApplicationClasses$ApplicationClass.compile(ApplicationClasses.java:292)
	at play.classloading.ApplicationClassloader.detectChanges(ApplicationClassloader.java:328)
	at play.Play.detectChanges(Play.java:637)
	at play.Invoker$Invocation.init(Invoker.java:199)
	at Invocation.HTTP Request(Play!)
05 jun 2018 12:55:34,218 ERROR ~ 

@7871cppom
Internal Server Error (500) for request GET /@tests?select=BasicTest.class,ApplicationTest.class

Compilation error (In /test/BasicTest.java around line 14)
The file /test/BasicTest.java could not be compiled. Error raised is : The method one() is undefined for the type GenericModel.JPAQuery

play.exceptions.CompilationException: The method one() is undefined for the type GenericModel.JPAQuery
	at play.classloading.ApplicationCompiler$2.acceptResult(ApplicationCompiler.java:264)
	at org.eclipse.jdt.internal.compiler.Compiler.handleInternalException(Compiler.java:678)
	at org.eclipse.jdt.internal.compiler.Compiler.compile(Compiler.java:522)
	at play.classloading.ApplicationCompiler.compile(ApplicationCompiler.java:300)
	at play.classloading.ApplicationClasses$ApplicationClass.compile(ApplicationClasses.java:292)
	at play.classloading.ApplicationClassloader.detectChanges(ApplicationClassloader.java:328)
	at play.Play.detectChanges(Play.java:637)
	at play.Invoker$Invocation.init(Invoker.java:199)
	at Invocation.HTTP Request(Play!)
05 jun 2018 12:55:41,404 ERROR ~ 

@7871cppon
Internal Server Error (500) for request GET /@tests/init

Compilation error (In /test/BasicTest.java around line 14)
The file /test/BasicTest.java could not be compiled. Error raised is : The method one() is undefined for the type GenericModel.JPAQuery

play.exceptions.CompilationException: The method one() is undefined for the type GenericModel.JPAQuery
	at play.classloading.ApplicationCompiler$2.acceptResult(ApplicationCompiler.java:264)
	at org.eclipse.jdt.internal.compiler.Compiler.handleInternalException(Compiler.java:678)
	at org.eclipse.jdt.internal.compiler.Compiler.compile(Compiler.java:522)
	at play.classloading.ApplicationCompiler.compile(ApplicationCompiler.java:300)
	at play.classloading.ApplicationClasses$ApplicationClass.compile(ApplicationClasses.java:292)
	at play.classloading.ApplicationClassloader.detectChanges(ApplicationClassloader.java:328)
	at play.Play.detectChanges(Play.java:637)
	at play.Invoker$Invocation.init(Invoker.java:199)
	at Invocation.HTTP Request(Play!)
05 jun 2018 12:55:41,475 ERROR ~ 

@7871cppoo
Internal Server Error (500) for request GET /@tests/end?result=passed

Compilation error (In /test/BasicTest.java around line 14)
The file /test/BasicTest.java could not be compiled. Error raised is : The method one() is undefined for the type GenericModel.JPAQuery

play.exceptions.CompilationException: The method one() is undefined for the type GenericModel.JPAQuery
	at play.classloading.ApplicationCompiler$2.acceptResult(ApplicationCompiler.java:264)
	at org.eclipse.jdt.internal.compiler.Compiler.handleInternalException(Compiler.java:678)
	at org.eclipse.jdt.internal.compiler.Compiler.compile(Compiler.java:522)
	at play.classloading.ApplicationCompiler.compile(ApplicationCompiler.java:300)
	at play.classloading.ApplicationClasses$ApplicationClass.compile(ApplicationClasses.java:292)
	at play.classloading.ApplicationClassloader.detectChanges(ApplicationClassloader.java:328)
	at play.Play.detectChanges(Play.java:637)
	at play.Invoker$Invocation.init(Invoker.java:199)
	at Invocation.HTTP Request(Play!)
05 jun 2018 12:55:41,537 ERROR ~ 

@7871cppop
Internal Server Error (500) for request GET /@tests?select=BasicTest.class

Compilation error (In /test/BasicTest.java around line 14)
The file /test/BasicTest.java could not be compiled. Error raised is : The method one() is undefined for the type GenericModel.JPAQuery

play.exceptions.CompilationException: The method one() is undefined for the type GenericModel.JPAQuery
	at play.classloading.ApplicationCompiler$2.acceptResult(ApplicationCompiler.java:264)
	at org.eclipse.jdt.internal.compiler.Compiler.handleInternalException(Compiler.java:678)
	at org.eclipse.jdt.internal.compiler.Compiler.compile(Compiler.java:522)
	at play.classloading.ApplicationCompiler.compile(ApplicationCompiler.java:300)
	at play.classloading.ApplicationClasses$ApplicationClass.compile(ApplicationClasses.java:292)
	at play.classloading.ApplicationClassloader.detectChanges(ApplicationClassloader.java:328)
	at play.Play.detectChanges(Play.java:637)
	at play.Invoker$Invocation.init(Invoker.java:199)
	at Invocation.HTTP Request(Play!)
